2023-04-23 19:19:32,970 INFO [restartedMain] c.c.c.CommunityApplication [StartupInfoLogger.java:55] Starting CommunityApplication using Java 1.8.0_351 on yeye with PID 1240 (D:\community\target\classes started by 11496 in D:\community)
2023-04-23 19:19:32,974 INFO [restartedMain] c.c.c.CommunityApplication [SpringApplication.java:631] No active profile set, falling back to 1 default profile: "default"
2023-04-23 19:19:33,003 INFO [restartedMain] o.s.b.d.e.DevToolsPropertyDefaultsPostProcessor [DeferredLog.java:255] Devtools property defaults active! Set 'spring.devtools.add-properties' to 'false' to disable
2023-04-23 19:19:33,004 INFO [restartedMain] o.s.b.d.e.DevToolsPropertyDefaultsPostProcessor [DeferredLog.java:255] For additional web related logging consider setting the 'logging.level.web' property to 'DEBUG'
2023-04-23 19:19:35,014 INFO [restartedMain] o.s.b.w.e.t.TomcatWebServer [TomcatWebServer.java:108] Tomcat initialized with port(s): 8081 (http)
2023-04-23 19:19:35,015 INFO [restartedMain] o.a.c.c.AprLifecycleListener [DirectJDKLog.java:173] Loaded Apache Tomcat Native library [1.2.36] using APR version [1.7.2].
2023-04-23 19:19:35,015 INFO [restartedMain] o.a.c.c.AprLifecycleListener [DirectJDKLog.java:173] APR capabilities: IPv6 [true], sendfile [true], accept filters [false], random [true], UDS [true].
2023-04-23 19:19:35,015 INFO [restartedMain] o.a.c.c.AprLifecycleListener [DirectJDKLog.java:173] APR/OpenSSL configuration: useAprConnector [false], useOpenSSL [true]
2023-04-23 19:19:35,022 INFO [restartedMain] o.a.c.c.AprLifecycleListener [DirectJDKLog.java:173] OpenSSL successfully initialized [OpenSSL 1.1.1t  7 Feb 2023]
2023-04-23 19:19:35,027 INFO [restartedMain] o.a.c.h.Http11NioProtocol [DirectJDKLog.java:173] Initializing ProtocolHandler ["http-nio-8081"]
2023-04-23 19:19:35,027 INFO [restartedMain] o.a.c.c.StandardService [DirectJDKLog.java:173] Starting service [Tomcat]
2023-04-23 19:19:35,028 INFO [restartedMain] o.a.c.c.StandardEngine [DirectJDKLog.java:173] Starting Servlet engine: [Apache Tomcat/9.0.73]
2023-04-23 19:19:35,084 INFO [restartedMain] o.a.c.c.C.[.[.[/community] [DirectJDKLog.java:173] Initializing Spring embedded WebApplicationContext
2023-04-23 19:19:35,085 INFO [restartedMain] o.s.b.w.s.c.ServletWebServerApplicationContext [ServletWebServerApplicationContext.java:292] Root WebApplicationContext: initialization completed in 2080 ms
2023-04-23 19:19:35,178 INFO [restartedMain] c.a.d.s.b.a.DruidDataSourceAutoConfigure [DruidDataSourceAutoConfigure.java:56] Init DruidDataSource
2023-04-23 19:19:35,381 INFO [restartedMain] c.a.d.p.DruidDataSource [DruidDataSource.java:1003] {dataSource-1} inited
2023-04-23 19:19:35,692 INFO [restartedMain] o.s.b.a.w.s.WelcomePageHandlerMapping [WelcomePageHandlerMapping.java:57] Adding welcome page template: index
2023-04-23 19:19:35,783 INFO [restartedMain] o.s.b.d.a.OptionalLiveReloadServer [OptionalLiveReloadServer.java:59] LiveReload server is running on port 35729
2023-04-23 19:19:35,793 INFO [restartedMain] o.a.c.h.Http11NioProtocol [DirectJDKLog.java:173] Starting ProtocolHandler ["http-nio-8081"]
2023-04-23 19:19:35,800 INFO [restartedMain] o.s.b.w.e.t.TomcatWebServer [TomcatWebServer.java:220] Tomcat started on port(s): 8081 (http) with context path '/community'
2023-04-23 19:19:35,807 INFO [restartedMain] c.c.c.CommunityApplication [StartupInfoLogger.java:61] Started CommunityApplication in 3.074 seconds (JVM running for 4.336)
2023-04-23 19:19:43,581 INFO [http-nio-8081-exec-1] o.a.c.c.C.[.[.[/community] [DirectJDKLog.java:173] Initializing Spring DispatcherServlet 'dispatcherServlet'
2023-04-23 19:19:43,581 INFO [http-nio-8081-exec-1] o.s.w.s.DispatcherServlet [FrameworkServlet.java:525] Initializing Servlet 'dispatcherServlet'
2023-04-23 19:19:43,582 INFO [http-nio-8081-exec-1] o.s.w.s.DispatcherServlet [FrameworkServlet.java:547] Completed initialization in 1 ms
2023-04-23 20:54:17,670 INFO [SpringApplicationShutdownHook] c.a.d.p.DruidDataSource [DruidDataSource.java:1965] {dataSource-1} closing ...
2023-04-23 20:54:17,677 INFO [SpringApplicationShutdownHook] c.a.d.p.DruidDataSource [DruidDataSource.java:2037] {dataSource-1} closed
2023-04-23 21:20:48,625 INFO [restartedMain] c.c.c.CommunityApplication [StartupInfoLogger.java:55] Starting CommunityApplication using Java 1.8.0_351 on yeye with PID 13684 (D:\community\target\classes started by 11496 in D:\community)
2023-04-23 21:20:48,627 INFO [restartedMain] c.c.c.CommunityApplication [SpringApplication.java:631] No active profile set, falling back to 1 default profile: "default"
2023-04-23 21:20:48,650 INFO [restartedMain] o.s.b.d.e.DevToolsPropertyDefaultsPostProcessor [DeferredLog.java:255] Devtools property defaults active! Set 'spring.devtools.add-properties' to 'false' to disable
2023-04-23 21:20:48,650 INFO [restartedMain] o.s.b.d.e.DevToolsPropertyDefaultsPostProcessor [DeferredLog.java:255] For additional web related logging consider setting the 'logging.level.web' property to 'DEBUG'
2023-04-23 21:20:49,205 INFO [restartedMain] o.s.b.w.e.t.TomcatWebServer [TomcatWebServer.java:108] Tomcat initialized with port(s): 8081 (http)
2023-04-23 21:20:49,206 INFO [restartedMain] o.a.c.c.AprLifecycleListener [DirectJDKLog.java:173] Loaded Apache Tomcat Native library [1.2.36] using APR version [1.7.2].
2023-04-23 21:20:49,206 INFO [restartedMain] o.a.c.c.AprLifecycleListener [DirectJDKLog.java:173] APR capabilities: IPv6 [true], sendfile [true], accept filters [false], random [true], UDS [true].
2023-04-23 21:20:49,206 INFO [restartedMain] o.a.c.c.AprLifecycleListener [DirectJDKLog.java:173] APR/OpenSSL configuration: useAprConnector [false], useOpenSSL [true]
2023-04-23 21:20:49,208 INFO [restartedMain] o.a.c.c.AprLifecycleListener [DirectJDKLog.java:173] OpenSSL successfully initialized [OpenSSL 1.1.1t  7 Feb 2023]
2023-04-23 21:20:49,211 INFO [restartedMain] o.a.c.h.Http11NioProtocol [DirectJDKLog.java:173] Initializing ProtocolHandler ["http-nio-8081"]
2023-04-23 21:20:49,212 INFO [restartedMain] o.a.c.c.StandardService [DirectJDKLog.java:173] Starting service [Tomcat]
2023-04-23 21:20:49,212 INFO [restartedMain] o.a.c.c.StandardEngine [DirectJDKLog.java:173] Starting Servlet engine: [Apache Tomcat/9.0.73]
2023-04-23 21:20:49,260 INFO [restartedMain] o.a.c.c.C.[.[.[/community] [DirectJDKLog.java:173] Initializing Spring embedded WebApplicationContext
2023-04-23 21:20:49,260 INFO [restartedMain] o.s.b.w.s.c.ServletWebServerApplicationContext [ServletWebServerApplicationContext.java:292] Root WebApplicationContext: initialization completed in 609 ms
2023-04-23 21:20:49,319 INFO [restartedMain] c.a.d.s.b.a.DruidDataSourceAutoConfigure [DruidDataSourceAutoConfigure.java:56] Init DruidDataSource
2023-04-23 21:20:49,448 INFO [restartedMain] c.a.d.p.DruidDataSource [DruidDataSource.java:1003] {dataSource-1} inited
2023-04-23 21:20:49,650 INFO [restartedMain] o.s.b.a.w.s.WelcomePageHandlerMapping [WelcomePageHandlerMapping.java:57] Adding welcome page template: index
2023-04-23 21:20:49,735 INFO [restartedMain] o.s.b.d.a.OptionalLiveReloadServer [OptionalLiveReloadServer.java:59] LiveReload server is running on port 35729
2023-04-23 21:20:49,744 INFO [restartedMain] o.a.c.h.Http11NioProtocol [DirectJDKLog.java:173] Starting ProtocolHandler ["http-nio-8081"]
2023-04-23 21:20:49,751 INFO [restartedMain] o.s.b.w.e.t.TomcatWebServer [TomcatWebServer.java:220] Tomcat started on port(s): 8081 (http) with context path '/community'
2023-04-23 21:20:49,757 INFO [restartedMain] c.c.c.CommunityApplication [StartupInfoLogger.java:61] Started CommunityApplication in 1.308 seconds (JVM running for 1.947)
2023-04-23 21:48:05,116 INFO [http-nio-8081-exec-1] o.a.c.c.C.[.[.[/community] [DirectJDKLog.java:173] Initializing Spring DispatcherServlet 'dispatcherServlet'
2023-04-23 21:48:05,117 INFO [http-nio-8081-exec-1] o.s.w.s.DispatcherServlet [FrameworkServlet.java:525] Initializing Servlet 'dispatcherServlet'
2023-04-23 21:48:05,117 INFO [http-nio-8081-exec-1] o.s.w.s.DispatcherServlet [FrameworkServlet.java:547] Completed initialization in 0 ms
2023-04-23 21:48:23,359 INFO [SpringApplicationShutdownHook] c.a.d.p.DruidDataSource [DruidDataSource.java:1965] {dataSource-1} closing ...
2023-04-23 21:48:23,363 INFO [SpringApplicationShutdownHook] c.a.d.p.DruidDataSource [DruidDataSource.java:2037] {dataSource-1} closed
