2023-04-11 17:22:40,105 INFO [main] o.s.t.c.s.AbstractContextLoader [AbstractContextLoader.java:264] Could not detect default resource locations for test class [com.coder.community.MapperTests]: no resource found for suffixes {-context.xml, Context.groovy}.
2023-04-11 17:22:40,271 INFO [main] o.s.b.t.c.SpringBootTestContextBootstrapper [AbstractTestContextBootstrapper.java:245] Loaded default TestExecutionListener class names from location [META-INF/spring.factories]: [org.springframework.boot.test.mock.mockito.MockitoTestExecutionListener, org.springframework.boot.test.mock.mockito.ResetMocksTestExecutionListener, org.springframework.boot.test.autoconfigure.restdocs.RestDocsTestExecutionListener, org.springframework.boot.test.autoconfigure.web.client.MockRestServiceServerResetTestExecutionListener, org.springframework.boot.test.autoconfigure.web.servlet.MockMvcPrintOnlyOnFailureTestExecutionListener, org.springframework.boot.test.autoconfigure.web.servlet.WebDriverTestExecutionListener, org.springframework.boot.test.autoconfigure.webservices.client.MockWebServiceServerTestExecutionListener, org.springframework.test.context.web.ServletTestExecutionListener, org.springframework.test.context.support.DirtiesContextBeforeModesTestExecutionListener, org.springframework.test.context.event.ApplicationEventsTestExecutionListener, org.springframework.test.context.support.DependencyInjectionTestExecutionListener, org.springframework.test.context.support.DirtiesContextTestExecutionListener, org.springframework.test.context.transaction.TransactionalTestExecutionListener, org.springframework.test.context.jdbc.SqlScriptsTestExecutionListener, org.springframework.test.context.event.EventPublishingTestExecutionListener]
2023-04-11 17:22:40,290 INFO [main] o.s.b.t.c.SpringBootTestContextBootstrapper [AbstractTestContextBootstrapper.java:174] Using TestExecutionListeners: [org.springframework.test.context.web.ServletTestExecutionListener@51bd8b5c, org.springframework.test.context.support.DirtiesContextBeforeModesTestExecutionListener@7b50df34, org.springframework.test.context.event.ApplicationEventsTestExecutionListener@1b410b60, org.springframework.boot.test.mock.mockito.MockitoTestExecutionListener@2462cb01, org.springframework.boot.test.autoconfigure.SpringBootDependencyInjectionTestExecutionListener@19b843ba, org.springframework.test.context.support.DirtiesContextTestExecutionListener@64ec96c6, org.springframework.test.context.transaction.TransactionalTestExecutionListener@77659b30, org.springframework.test.context.jdbc.SqlScriptsTestExecutionListener@456d6c1e, org.springframework.test.context.event.EventPublishingTestExecutionListener@1e13529a, org.springframework.boot.test.mock.mockito.ResetMocksTestExecutionListener@1ec9bd38, org.springframework.boot.test.autoconfigure.restdocs.RestDocsTestExecutionListener@452e19ca, org.springframework.boot.test.autoconfigure.web.client.MockRestServiceServerResetTestExecutionListener@6b0d80ed, org.springframework.boot.test.autoconfigure.web.servlet.MockMvcPrintOnlyOnFailureTestExecutionListener@6f8e8894, org.springframework.boot.test.autoconfigure.web.servlet.WebDriverTestExecutionListener@3cfdd820, org.springframework.boot.test.autoconfigure.webservices.client.MockWebServiceServerTestExecutionListener@928763c]
2023-04-11 17:22:40,576 INFO [main] c.c.c.MapperTests [StartupInfoLogger.java:55] Starting MapperTests using Java 1.8.0_351 on yeye with PID 26360 (started by 11496 in D:\community)
2023-04-11 17:22:40,577 INFO [main] c.c.c.MapperTests [SpringApplication.java:631] No active profile set, falling back to 1 default profile: "default"
2023-04-11 17:22:41,525 INFO [main] c.a.d.s.b.a.DruidDataSourceAutoConfigure [DruidDataSourceAutoConfigure.java:56] Init DruidDataSource
2023-04-11 17:22:41,889 INFO [main] c.a.d.p.DruidDataSource [DruidDataSource.java:1003] {dataSource-1} inited
2023-04-11 17:22:42,400 INFO [main] o.s.b.a.w.s.WelcomePageHandlerMapping [WelcomePageHandlerMapping.java:57] Adding welcome page template: index
2023-04-11 17:22:42,753 INFO [main] c.c.c.MapperTests [StartupInfoLogger.java:61] Started MapperTests in 2.423 seconds (JVM running for 3.25)
2023-04-11 17:22:43,077 INFO [SpringApplicationShutdownHook] c.a.d.p.DruidDataSource [DruidDataSource.java:1965] {dataSource-1} closing ...
2023-04-11 17:22:43,085 INFO [SpringApplicationShutdownHook] c.a.d.p.DruidDataSource [DruidDataSource.java:2037] {dataSource-1} closed
2023-04-11 17:44:19,278 INFO [main] o.s.t.c.s.AbstractContextLoader [AbstractContextLoader.java:264] Could not detect default resource locations for test class [com.coder.community.MapperTests]: no resource found for suffixes {-context.xml, Context.groovy}.
2023-04-11 17:44:19,403 INFO [main] o.s.b.t.c.SpringBootTestContextBootstrapper [AbstractTestContextBootstrapper.java:245] Loaded default TestExecutionListener class names from location [META-INF/spring.factories]: [org.springframework.boot.test.mock.mockito.MockitoTestExecutionListener, org.springframework.boot.test.mock.mockito.ResetMocksTestExecutionListener, org.springframework.boot.test.autoconfigure.restdocs.RestDocsTestExecutionListener, org.springframework.boot.test.autoconfigure.web.client.MockRestServiceServerResetTestExecutionListener, org.springframework.boot.test.autoconfigure.web.servlet.MockMvcPrintOnlyOnFailureTestExecutionListener, org.springframework.boot.test.autoconfigure.web.servlet.WebDriverTestExecutionListener, org.springframework.boot.test.autoconfigure.webservices.client.MockWebServiceServerTestExecutionListener, org.springframework.test.context.web.ServletTestExecutionListener, org.springframework.test.context.support.DirtiesContextBeforeModesTestExecutionListener, org.springframework.test.context.event.ApplicationEventsTestExecutionListener, org.springframework.test.context.support.DependencyInjectionTestExecutionListener, org.springframework.test.context.support.DirtiesContextTestExecutionListener, org.springframework.test.context.transaction.TransactionalTestExecutionListener, org.springframework.test.context.jdbc.SqlScriptsTestExecutionListener, org.springframework.test.context.event.EventPublishingTestExecutionListener]
2023-04-11 17:44:19,415 INFO [main] o.s.b.t.c.SpringBootTestContextBootstrapper [AbstractTestContextBootstrapper.java:174] Using TestExecutionListeners: [org.springframework.test.context.web.ServletTestExecutionListener@51bd8b5c, org.springframework.test.context.support.DirtiesContextBeforeModesTestExecutionListener@7b50df34, org.springframework.test.context.event.ApplicationEventsTestExecutionListener@1b410b60, org.springframework.boot.test.mock.mockito.MockitoTestExecutionListener@2462cb01, org.springframework.boot.test.autoconfigure.SpringBootDependencyInjectionTestExecutionListener@19b843ba, org.springframework.test.context.support.DirtiesContextTestExecutionListener@64ec96c6, org.springframework.test.context.transaction.TransactionalTestExecutionListener@77659b30, org.springframework.test.context.jdbc.SqlScriptsTestExecutionListener@456d6c1e, org.springframework.test.context.event.EventPublishingTestExecutionListener@1e13529a, org.springframework.boot.test.mock.mockito.ResetMocksTestExecutionListener@1ec9bd38, org.springframework.boot.test.autoconfigure.restdocs.RestDocsTestExecutionListener@452e19ca, org.springframework.boot.test.autoconfigure.web.client.MockRestServiceServerResetTestExecutionListener@6b0d80ed, org.springframework.boot.test.autoconfigure.web.servlet.MockMvcPrintOnlyOnFailureTestExecutionListener@6f8e8894, org.springframework.boot.test.autoconfigure.web.servlet.WebDriverTestExecutionListener@3cfdd820, org.springframework.boot.test.autoconfigure.webservices.client.MockWebServiceServerTestExecutionListener@928763c]
2023-04-11 17:44:19,661 INFO [main] c.c.c.MapperTests [StartupInfoLogger.java:55] Starting MapperTests using Java 1.8.0_351 on yeye with PID 26608 (started by 11496 in D:\community)
2023-04-11 17:44:19,661 INFO [main] c.c.c.MapperTests [SpringApplication.java:631] No active profile set, falling back to 1 default profile: "default"
2023-04-11 17:44:20,342 INFO [main] c.a.d.s.b.a.DruidDataSourceAutoConfigure [DruidDataSourceAutoConfigure.java:56] Init DruidDataSource
2023-04-11 17:44:20,620 INFO [main] c.a.d.p.DruidDataSource [DruidDataSource.java:1003] {dataSource-1} inited
2023-04-11 17:44:21,045 INFO [main] o.s.b.a.w.s.WelcomePageHandlerMapping [WelcomePageHandlerMapping.java:57] Adding welcome page template: index
2023-04-11 17:44:21,257 INFO [main] c.c.c.MapperTests [StartupInfoLogger.java:61] Started MapperTests in 1.81 seconds (JVM running for 2.533)
2023-04-11 17:44:21,499 INFO [SpringApplicationShutdownHook] c.a.d.p.DruidDataSource [DruidDataSource.java:1965] {dataSource-1} closing ...
2023-04-11 17:44:21,505 INFO [SpringApplicationShutdownHook] c.a.d.p.DruidDataSource [DruidDataSource.java:2037] {dataSource-1} closed
2023-04-11 17:45:18,709 INFO [main] o.s.t.c.s.AbstractContextLoader [AbstractContextLoader.java:264] Could not detect default resource locations for test class [com.coder.community.MapperTests]: no resource found for suffixes {-context.xml, Context.groovy}.
2023-04-11 17:45:18,826 INFO [main] o.s.b.t.c.SpringBootTestContextBootstrapper [AbstractTestContextBootstrapper.java:245] Loaded default TestExecutionListener class names from location [META-INF/spring.factories]: [org.springframework.boot.test.mock.mockito.MockitoTestExecutionListener, org.springframework.boot.test.mock.mockito.ResetMocksTestExecutionListener, org.springframework.boot.test.autoconfigure.restdocs.RestDocsTestExecutionListener, org.springframework.boot.test.autoconfigure.web.client.MockRestServiceServerResetTestExecutionListener, org.springframework.boot.test.autoconfigure.web.servlet.MockMvcPrintOnlyOnFailureTestExecutionListener, org.springframework.boot.test.autoconfigure.web.servlet.WebDriverTestExecutionListener, org.springframework.boot.test.autoconfigure.webservices.client.MockWebServiceServerTestExecutionListener, org.springframework.test.context.web.ServletTestExecutionListener, org.springframework.test.context.support.DirtiesContextBeforeModesTestExecutionListener, org.springframework.test.context.event.ApplicationEventsTestExecutionListener, org.springframework.test.context.support.DependencyInjectionTestExecutionListener, org.springframework.test.context.support.DirtiesContextTestExecutionListener, org.springframework.test.context.transaction.TransactionalTestExecutionListener, org.springframework.test.context.jdbc.SqlScriptsTestExecutionListener, org.springframework.test.context.event.EventPublishingTestExecutionListener]
2023-04-11 17:45:18,837 INFO [main] o.s.b.t.c.SpringBootTestContextBootstrapper [AbstractTestContextBootstrapper.java:174] Using TestExecutionListeners: [org.springframework.test.context.web.ServletTestExecutionListener@51bd8b5c, org.springframework.test.context.support.DirtiesContextBeforeModesTestExecutionListener@7b50df34, org.springframework.test.context.event.ApplicationEventsTestExecutionListener@1b410b60, org.springframework.boot.test.mock.mockito.MockitoTestExecutionListener@2462cb01, org.springframework.boot.test.autoconfigure.SpringBootDependencyInjectionTestExecutionListener@19b843ba, org.springframework.test.context.support.DirtiesContextTestExecutionListener@64ec96c6, org.springframework.test.context.transaction.TransactionalTestExecutionListener@77659b30, org.springframework.test.context.jdbc.SqlScriptsTestExecutionListener@456d6c1e, org.springframework.test.context.event.EventPublishingTestExecutionListener@1e13529a, org.springframework.boot.test.mock.mockito.ResetMocksTestExecutionListener@1ec9bd38, org.springframework.boot.test.autoconfigure.restdocs.RestDocsTestExecutionListener@452e19ca, org.springframework.boot.test.autoconfigure.web.client.MockRestServiceServerResetTestExecutionListener@6b0d80ed, org.springframework.boot.test.autoconfigure.web.servlet.MockMvcPrintOnlyOnFailureTestExecutionListener@6f8e8894, org.springframework.boot.test.autoconfigure.web.servlet.WebDriverTestExecutionListener@3cfdd820, org.springframework.boot.test.autoconfigure.webservices.client.MockWebServiceServerTestExecutionListener@928763c]
2023-04-11 17:45:19,064 INFO [main] c.c.c.MapperTests [StartupInfoLogger.java:55] Starting MapperTests using Java 1.8.0_351 on yeye with PID 2432 (started by 11496 in D:\community)
2023-04-11 17:45:19,065 INFO [main] c.c.c.MapperTests [SpringApplication.java:631] No active profile set, falling back to 1 default profile: "default"
2023-04-11 17:45:19,716 INFO [main] c.a.d.s.b.a.DruidDataSourceAutoConfigure [DruidDataSourceAutoConfigure.java:56] Init DruidDataSource
2023-04-11 17:45:20,024 INFO [main] c.a.d.p.DruidDataSource [DruidDataSource.java:1003] {dataSource-1} inited
2023-04-11 17:45:20,456 INFO [main] o.s.b.a.w.s.WelcomePageHandlerMapping [WelcomePageHandlerMapping.java:57] Adding welcome page template: index
2023-04-11 17:45:20,668 INFO [main] c.c.c.MapperTests [StartupInfoLogger.java:61] Started MapperTests in 1.804 seconds (JVM running for 2.493)
2023-04-11 17:45:20,931 INFO [SpringApplicationShutdownHook] c.a.d.p.DruidDataSource [DruidDataSource.java:1965] {dataSource-1} closing ...
2023-04-11 17:45:20,937 INFO [SpringApplicationShutdownHook] c.a.d.p.DruidDataSource [DruidDataSource.java:2037] {dataSource-1} closed
2023-04-11 22:23:39,855 INFO [restartedMain] c.c.c.CommunityApplication [StartupInfoLogger.java:55] Starting CommunityApplication using Java 1.8.0_351 on yeye with PID 25928 (D:\community\target\classes started by 11496 in D:\community)
2023-04-11 22:23:39,857 INFO [restartedMain] c.c.c.CommunityApplication [SpringApplication.java:631] No active profile set, falling back to 1 default profile: "default"
2023-04-11 22:23:39,896 INFO [restartedMain] o.s.b.d.e.DevToolsPropertyDefaultsPostProcessor [DeferredLog.java:255] Devtools property defaults active! Set 'spring.devtools.add-properties' to 'false' to disable
2023-04-11 22:23:39,897 INFO [restartedMain] o.s.b.d.e.DevToolsPropertyDefaultsPostProcessor [DeferredLog.java:255] For additional web related logging consider setting the 'logging.level.web' property to 'DEBUG'
2023-04-11 22:23:40,803 INFO [restartedMain] o.s.b.w.e.t.TomcatWebServer [TomcatWebServer.java:108] Tomcat initialized with port(s): 8081 (http)
2023-04-11 22:23:40,803 INFO [restartedMain] o.a.c.c.AprLifecycleListener [DirectJDKLog.java:173] Loaded Apache Tomcat Native library [1.2.36] using APR version [1.7.2].
2023-04-11 22:23:40,803 INFO [restartedMain] o.a.c.c.AprLifecycleListener [DirectJDKLog.java:173] APR capabilities: IPv6 [true], sendfile [true], accept filters [false], random [true], UDS [true].
2023-04-11 22:23:40,804 INFO [restartedMain] o.a.c.c.AprLifecycleListener [DirectJDKLog.java:173] APR/OpenSSL configuration: useAprConnector [false], useOpenSSL [true]
2023-04-11 22:23:40,816 INFO [restartedMain] o.a.c.c.AprLifecycleListener [DirectJDKLog.java:173] OpenSSL successfully initialized [OpenSSL 1.1.1t  7 Feb 2023]
2023-04-11 22:23:40,823 INFO [restartedMain] o.a.c.h.Http11NioProtocol [DirectJDKLog.java:173] Initializing ProtocolHandler ["http-nio-8081"]
2023-04-11 22:23:40,823 INFO [restartedMain] o.a.c.c.StandardService [DirectJDKLog.java:173] Starting service [Tomcat]
2023-04-11 22:23:40,823 INFO [restartedMain] o.a.c.c.StandardEngine [DirectJDKLog.java:173] Starting Servlet engine: [Apache Tomcat/9.0.73]
2023-04-11 22:23:40,899 INFO [restartedMain] o.a.c.c.C.[.[.[/community] [DirectJDKLog.java:173] Initializing Spring embedded WebApplicationContext
2023-04-11 22:23:40,900 INFO [restartedMain] o.s.b.w.s.c.ServletWebServerApplicationContext [ServletWebServerApplicationContext.java:292] Root WebApplicationContext: initialization completed in 1001 ms
2023-04-11 22:23:40,993 INFO [restartedMain] c.a.d.s.b.a.DruidDataSourceAutoConfigure [DruidDataSourceAutoConfigure.java:56] Init DruidDataSource
2023-04-11 22:23:41,215 INFO [restartedMain] c.a.d.p.DruidDataSource [DruidDataSource.java:1003] {dataSource-1} inited
2023-04-11 22:23:41,515 INFO [restartedMain] o.s.b.a.w.s.WelcomePageHandlerMapping [WelcomePageHandlerMapping.java:57] Adding welcome page template: index
2023-04-11 22:23:41,625 INFO [restartedMain] o.s.b.d.a.OptionalLiveReloadServer [OptionalLiveReloadServer.java:59] LiveReload server is running on port 35729
2023-04-11 22:23:41,641 INFO [restartedMain] o.a.c.h.Http11NioProtocol [DirectJDKLog.java:173] Starting ProtocolHandler ["http-nio-8081"]
2023-04-11 22:23:41,654 INFO [restartedMain] o.s.b.w.e.t.TomcatWebServer [TomcatWebServer.java:220] Tomcat started on port(s): 8081 (http) with context path '/community'
2023-04-11 22:23:41,657 INFO [restartedMain] c.c.c.CommunityApplication [StartupInfoLogger.java:61] Started CommunityApplication in 2.101 seconds (JVM running for 3.121)
2023-04-11 22:23:51,530 INFO [http-nio-8081-exec-1] o.a.c.c.C.[.[.[/community] [DirectJDKLog.java:173] Initializing Spring DispatcherServlet 'dispatcherServlet'
2023-04-11 22:23:51,530 INFO [http-nio-8081-exec-1] o.s.w.s.DispatcherServlet [FrameworkServlet.java:525] Initializing Servlet 'dispatcherServlet'
2023-04-11 22:23:51,530 INFO [http-nio-8081-exec-1] o.s.w.s.DispatcherServlet [FrameworkServlet.java:547] Completed initialization in 0 ms
2023-04-11 22:27:53,234 INFO [SpringApplicationShutdownHook] c.a.d.p.DruidDataSource [DruidDataSource.java:1965] {dataSource-1} closing ...
2023-04-11 22:27:53,250 INFO [SpringApplicationShutdownHook] c.a.d.p.DruidDataSource [DruidDataSource.java:2037] {dataSource-1} closed
2023-04-11 22:27:57,432 INFO [restartedMain] c.c.c.CommunityApplication [StartupInfoLogger.java:55] Starting CommunityApplication using Java 1.8.0_351 on yeye with PID 18708 (D:\community\target\classes started by 11496 in D:\community)
2023-04-11 22:27:57,434 INFO [restartedMain] c.c.c.CommunityApplication [SpringApplication.java:631] No active profile set, falling back to 1 default profile: "default"
2023-04-11 22:27:57,470 INFO [restartedMain] o.s.b.d.e.DevToolsPropertyDefaultsPostProcessor [DeferredLog.java:255] Devtools property defaults active! Set 'spring.devtools.add-properties' to 'false' to disable
2023-04-11 22:27:57,470 INFO [restartedMain] o.s.b.d.e.DevToolsPropertyDefaultsPostProcessor [DeferredLog.java:255] For additional web related logging consider setting the 'logging.level.web' property to 'DEBUG'
2023-04-11 22:27:58,189 INFO [restartedMain] o.s.b.w.e.t.TomcatWebServer [TomcatWebServer.java:108] Tomcat initialized with port(s): 8081 (http)
2023-04-11 22:27:58,190 INFO [restartedMain] o.a.c.c.AprLifecycleListener [DirectJDKLog.java:173] Loaded Apache Tomcat Native library [1.2.36] using APR version [1.7.2].
2023-04-11 22:27:58,190 INFO [restartedMain] o.a.c.c.AprLifecycleListener [DirectJDKLog.java:173] APR capabilities: IPv6 [true], sendfile [true], accept filters [false], random [true], UDS [true].
2023-04-11 22:27:58,190 INFO [restartedMain] o.a.c.c.AprLifecycleListener [DirectJDKLog.java:173] APR/OpenSSL configuration: useAprConnector [false], useOpenSSL [true]
2023-04-11 22:27:58,192 INFO [restartedMain] o.a.c.c.AprLifecycleListener [DirectJDKLog.java:173] OpenSSL successfully initialized [OpenSSL 1.1.1t  7 Feb 2023]
2023-04-11 22:27:58,196 INFO [restartedMain] o.a.c.h.Http11NioProtocol [DirectJDKLog.java:173] Initializing ProtocolHandler ["http-nio-8081"]
2023-04-11 22:27:58,197 INFO [restartedMain] o.a.c.c.StandardService [DirectJDKLog.java:173] Starting service [Tomcat]
2023-04-11 22:27:58,197 INFO [restartedMain] o.a.c.c.StandardEngine [DirectJDKLog.java:173] Starting Servlet engine: [Apache Tomcat/9.0.73]
2023-04-11 22:27:58,252 INFO [restartedMain] o.a.c.c.C.[.[.[/community] [DirectJDKLog.java:173] Initializing Spring embedded WebApplicationContext
2023-04-11 22:27:58,252 INFO [restartedMain] o.s.b.w.s.c.ServletWebServerApplicationContext [ServletWebServerApplicationContext.java:292] Root WebApplicationContext: initialization completed in 781 ms
2023-04-11 22:27:58,320 INFO [restartedMain] c.a.d.s.b.a.DruidDataSourceAutoConfigure [DruidDataSourceAutoConfigure.java:56] Init DruidDataSource
2023-04-11 22:27:58,469 INFO [restartedMain] c.a.d.p.DruidDataSource [DruidDataSource.java:1003] {dataSource-1} inited
2023-04-11 22:27:58,700 INFO [restartedMain] o.s.b.a.w.s.WelcomePageHandlerMapping [WelcomePageHandlerMapping.java:57] Adding welcome page template: index
2023-04-11 22:27:58,790 INFO [restartedMain] o.s.b.d.a.OptionalLiveReloadServer [OptionalLiveReloadServer.java:59] LiveReload server is running on port 35729
2023-04-11 22:27:58,802 INFO [restartedMain] o.a.c.h.Http11NioProtocol [DirectJDKLog.java:173] Starting ProtocolHandler ["http-nio-8081"]
2023-04-11 22:27:58,810 INFO [restartedMain] o.s.b.w.e.t.TomcatWebServer [TomcatWebServer.java:220] Tomcat started on port(s): 8081 (http) with context path '/community'
2023-04-11 22:27:58,817 INFO [restartedMain] c.c.c.CommunityApplication [StartupInfoLogger.java:61] Started CommunityApplication in 1.694 seconds (JVM running for 2.55)
2023-04-11 22:28:00,556 INFO [http-nio-8081-exec-1] o.a.c.c.C.[.[.[/community] [DirectJDKLog.java:173] Initializing Spring DispatcherServlet 'dispatcherServlet'
2023-04-11 22:28:00,556 INFO [http-nio-8081-exec-1] o.s.w.s.DispatcherServlet [FrameworkServlet.java:525] Initializing Servlet 'dispatcherServlet'
2023-04-11 22:28:00,557 INFO [http-nio-8081-exec-1] o.s.w.s.DispatcherServlet [FrameworkServlet.java:547] Completed initialization in 1 ms
2023-04-11 22:33:46,254 INFO [SpringApplicationShutdownHook] c.a.d.p.DruidDataSource [DruidDataSource.java:1965] {dataSource-1} closing ...
2023-04-11 22:33:46,258 INFO [SpringApplicationShutdownHook] c.a.d.p.DruidDataSource [DruidDataSource.java:2037] {dataSource-1} closed
2023-04-11 22:33:51,397 INFO [restartedMain] c.c.c.CommunityApplication [StartupInfoLogger.java:55] Starting CommunityApplication using Java 1.8.0_351 on yeye with PID 28624 (D:\community\target\classes started by 11496 in D:\community)
2023-04-11 22:33:51,398 INFO [restartedMain] c.c.c.CommunityApplication [SpringApplication.java:631] No active profile set, falling back to 1 default profile: "default"
2023-04-11 22:33:51,424 INFO [restartedMain] o.s.b.d.e.DevToolsPropertyDefaultsPostProcessor [DeferredLog.java:255] Devtools property defaults active! Set 'spring.devtools.add-properties' to 'false' to disable
2023-04-11 22:33:51,424 INFO [restartedMain] o.s.b.d.e.DevToolsPropertyDefaultsPostProcessor [DeferredLog.java:255] For additional web related logging consider setting the 'logging.level.web' property to 'DEBUG'
2023-04-11 22:33:52,061 INFO [restartedMain] o.s.b.w.e.t.TomcatWebServer [TomcatWebServer.java:108] Tomcat initialized with port(s): 8081 (http)
2023-04-11 22:33:52,062 INFO [restartedMain] o.a.c.c.AprLifecycleListener [DirectJDKLog.java:173] Loaded Apache Tomcat Native library [1.2.36] using APR version [1.7.2].
2023-04-11 22:33:52,062 INFO [restartedMain] o.a.c.c.AprLifecycleListener [DirectJDKLog.java:173] APR capabilities: IPv6 [true], sendfile [true], accept filters [false], random [true], UDS [true].
2023-04-11 22:33:52,062 INFO [restartedMain] o.a.c.c.AprLifecycleListener [DirectJDKLog.java:173] APR/OpenSSL configuration: useAprConnector [false], useOpenSSL [true]
2023-04-11 22:33:52,064 INFO [restartedMain] o.a.c.c.AprLifecycleListener [DirectJDKLog.java:173] OpenSSL successfully initialized [OpenSSL 1.1.1t  7 Feb 2023]
2023-04-11 22:33:52,068 INFO [restartedMain] o.a.c.h.Http11NioProtocol [DirectJDKLog.java:173] Initializing ProtocolHandler ["http-nio-8081"]
2023-04-11 22:33:52,069 INFO [restartedMain] o.a.c.c.StandardService [DirectJDKLog.java:173] Starting service [Tomcat]
2023-04-11 22:33:52,069 INFO [restartedMain] o.a.c.c.StandardEngine [DirectJDKLog.java:173] Starting Servlet engine: [Apache Tomcat/9.0.73]
2023-04-11 22:33:52,127 INFO [restartedMain] o.a.c.c.C.[.[.[/community] [DirectJDKLog.java:173] Initializing Spring embedded WebApplicationContext
2023-04-11 22:33:52,128 INFO [restartedMain] o.s.b.w.s.c.ServletWebServerApplicationContext [ServletWebServerApplicationContext.java:292] Root WebApplicationContext: initialization completed in 703 ms
2023-04-11 22:33:52,195 INFO [restartedMain] c.a.d.s.b.a.DruidDataSourceAutoConfigure [DruidDataSourceAutoConfigure.java:56] Init DruidDataSource
2023-04-11 22:33:52,342 INFO [restartedMain] c.a.d.p.DruidDataSource [DruidDataSource.java:1003] {dataSource-1} inited
2023-04-11 22:33:52,572 INFO [restartedMain] o.s.b.a.w.s.WelcomePageHandlerMapping [WelcomePageHandlerMapping.java:57] Adding welcome page template: index
2023-04-11 22:33:52,664 INFO [restartedMain] o.s.b.d.a.OptionalLiveReloadServer [OptionalLiveReloadServer.java:59] LiveReload server is running on port 35729
2023-04-11 22:33:52,674 INFO [restartedMain] o.a.c.h.Http11NioProtocol [DirectJDKLog.java:173] Starting ProtocolHandler ["http-nio-8081"]
2023-04-11 22:33:52,682 INFO [restartedMain] o.s.b.w.e.t.TomcatWebServer [TomcatWebServer.java:220] Tomcat started on port(s): 8081 (http) with context path '/community'
2023-04-11 22:33:52,688 INFO [restartedMain] c.c.c.CommunityApplication [StartupInfoLogger.java:61] Started CommunityApplication in 1.539 seconds (JVM running for 2.291)
2023-04-11 22:35:32,033 INFO [http-nio-8081-exec-1] o.a.c.c.C.[.[.[/community] [DirectJDKLog.java:173] Initializing Spring DispatcherServlet 'dispatcherServlet'
2023-04-11 22:35:32,033 INFO [http-nio-8081-exec-1] o.s.w.s.DispatcherServlet [FrameworkServlet.java:525] Initializing Servlet 'dispatcherServlet'
2023-04-11 22:35:32,033 INFO [http-nio-8081-exec-1] o.s.w.s.DispatcherServlet [FrameworkServlet.java:547] Completed initialization in 0 ms
2023-04-11 22:56:13,192 INFO [SpringApplicationShutdownHook] c.a.d.p.DruidDataSource [DruidDataSource.java:1965] {dataSource-1} closing ...
2023-04-11 22:56:13,197 INFO [SpringApplicationShutdownHook] c.a.d.p.DruidDataSource [DruidDataSource.java:2037] {dataSource-1} closed
2023-04-11 22:56:18,225 INFO [restartedMain] c.c.c.CommunityApplication [StartupInfoLogger.java:55] Starting CommunityApplication using Java 1.8.0_351 on yeye with PID 14608 (D:\community\target\classes started by 11496 in D:\community)
2023-04-11 22:56:18,226 INFO [restartedMain] c.c.c.CommunityApplication [SpringApplication.java:631] No active profile set, falling back to 1 default profile: "default"
2023-04-11 22:56:18,252 INFO [restartedMain] o.s.b.d.e.DevToolsPropertyDefaultsPostProcessor [DeferredLog.java:255] Devtools property defaults active! Set 'spring.devtools.add-properties' to 'false' to disable
2023-04-11 22:56:18,252 INFO [restartedMain] o.s.b.d.e.DevToolsPropertyDefaultsPostProcessor [DeferredLog.java:255] For additional web related logging consider setting the 'logging.level.web' property to 'DEBUG'
2023-04-11 22:56:18,855 INFO [restartedMain] o.s.b.w.e.t.TomcatWebServer [TomcatWebServer.java:108] Tomcat initialized with port(s): 8081 (http)
2023-04-11 22:56:18,856 INFO [restartedMain] o.a.c.c.AprLifecycleListener [DirectJDKLog.java:173] Loaded Apache Tomcat Native library [1.2.36] using APR version [1.7.2].
2023-04-11 22:56:18,856 INFO [restartedMain] o.a.c.c.AprLifecycleListener [DirectJDKLog.java:173] APR capabilities: IPv6 [true], sendfile [true], accept filters [false], random [true], UDS [true].
2023-04-11 22:56:18,856 INFO [restartedMain] o.a.c.c.AprLifecycleListener [DirectJDKLog.java:173] APR/OpenSSL configuration: useAprConnector [false], useOpenSSL [true]
2023-04-11 22:56:18,858 INFO [restartedMain] o.a.c.c.AprLifecycleListener [DirectJDKLog.java:173] OpenSSL successfully initialized [OpenSSL 1.1.1t  7 Feb 2023]
2023-04-11 22:56:18,862 INFO [restartedMain] o.a.c.h.Http11NioProtocol [DirectJDKLog.java:173] Initializing ProtocolHandler ["http-nio-8081"]
2023-04-11 22:56:18,862 INFO [restartedMain] o.a.c.c.StandardService [DirectJDKLog.java:173] Starting service [Tomcat]
2023-04-11 22:56:18,863 INFO [restartedMain] o.a.c.c.StandardEngine [DirectJDKLog.java:173] Starting Servlet engine: [Apache Tomcat/9.0.73]
2023-04-11 22:56:18,916 INFO [restartedMain] o.a.c.c.C.[.[.[/community] [DirectJDKLog.java:173] Initializing Spring embedded WebApplicationContext
2023-04-11 22:56:18,917 INFO [restartedMain] o.s.b.w.s.c.ServletWebServerApplicationContext [ServletWebServerApplicationContext.java:292] Root WebApplicationContext: initialization completed in 662 ms
2023-04-11 22:56:18,989 INFO [restartedMain] c.a.d.s.b.a.DruidDataSourceAutoConfigure [DruidDataSourceAutoConfigure.java:56] Init DruidDataSource
2023-04-11 22:56:19,142 INFO [restartedMain] c.a.d.p.DruidDataSource [DruidDataSource.java:1003] {dataSource-1} inited
2023-04-11 22:56:19,367 INFO [restartedMain] o.s.b.a.w.s.WelcomePageHandlerMapping [WelcomePageHandlerMapping.java:57] Adding welcome page template: index
2023-04-11 22:56:19,458 INFO [restartedMain] o.s.b.d.a.OptionalLiveReloadServer [OptionalLiveReloadServer.java:59] LiveReload server is running on port 35729
2023-04-11 22:56:19,468 INFO [restartedMain] o.a.c.h.Http11NioProtocol [DirectJDKLog.java:173] Starting ProtocolHandler ["http-nio-8081"]
2023-04-11 22:56:19,476 INFO [restartedMain] o.s.b.w.e.t.TomcatWebServer [TomcatWebServer.java:220] Tomcat started on port(s): 8081 (http) with context path '/community'
2023-04-11 22:56:19,485 INFO [restartedMain] c.c.c.CommunityApplication [StartupInfoLogger.java:61] Started CommunityApplication in 1.486 seconds (JVM running for 2.23)
2023-04-11 22:56:30,028 INFO [http-nio-8081-exec-2] o.a.c.c.C.[.[.[/community] [DirectJDKLog.java:173] Initializing Spring DispatcherServlet 'dispatcherServlet'
2023-04-11 22:56:30,028 INFO [http-nio-8081-exec-2] o.s.w.s.DispatcherServlet [FrameworkServlet.java:525] Initializing Servlet 'dispatcherServlet'
2023-04-11 22:56:30,028 INFO [http-nio-8081-exec-2] o.s.w.s.DispatcherServlet [FrameworkServlet.java:547] Completed initialization in 0 ms
2023-04-11 23:08:42,993 INFO [SpringApplicationShutdownHook] c.a.d.p.DruidDataSource [DruidDataSource.java:1965] {dataSource-1} closing ...
2023-04-11 23:08:42,997 INFO [SpringApplicationShutdownHook] c.a.d.p.DruidDataSource [DruidDataSource.java:2037] {dataSource-1} closed
2023-04-11 23:08:46,027 INFO [restartedMain] c.c.c.CommunityApplication [StartupInfoLogger.java:55] Starting CommunityApplication using Java 1.8.0_351 on yeye with PID 11676 (D:\community\target\classes started by 11496 in D:\community)
2023-04-11 23:08:46,029 INFO [restartedMain] c.c.c.CommunityApplication [SpringApplication.java:631] No active profile set, falling back to 1 default profile: "default"
2023-04-11 23:08:46,054 INFO [restartedMain] o.s.b.d.e.DevToolsPropertyDefaultsPostProcessor [DeferredLog.java:255] Devtools property defaults active! Set 'spring.devtools.add-properties' to 'false' to disable
2023-04-11 23:08:46,055 INFO [restartedMain] o.s.b.d.e.DevToolsPropertyDefaultsPostProcessor [DeferredLog.java:255] For additional web related logging consider setting the 'logging.level.web' property to 'DEBUG'
2023-04-11 23:08:46,689 INFO [restartedMain] o.s.b.w.e.t.TomcatWebServer [TomcatWebServer.java:108] Tomcat initialized with port(s): 8081 (http)
2023-04-11 23:08:46,690 INFO [restartedMain] o.a.c.c.AprLifecycleListener [DirectJDKLog.java:173] Loaded Apache Tomcat Native library [1.2.36] using APR version [1.7.2].
2023-04-11 23:08:46,690 INFO [restartedMain] o.a.c.c.AprLifecycleListener [DirectJDKLog.java:173] APR capabilities: IPv6 [true], sendfile [true], accept filters [false], random [true], UDS [true].
2023-04-11 23:08:46,690 INFO [restartedMain] o.a.c.c.AprLifecycleListener [DirectJDKLog.java:173] APR/OpenSSL configuration: useAprConnector [false], useOpenSSL [true]
2023-04-11 23:08:46,692 INFO [restartedMain] o.a.c.c.AprLifecycleListener [DirectJDKLog.java:173] OpenSSL successfully initialized [OpenSSL 1.1.1t  7 Feb 2023]
2023-04-11 23:08:46,696 INFO [restartedMain] o.a.c.h.Http11NioProtocol [DirectJDKLog.java:173] Initializing ProtocolHandler ["http-nio-8081"]
2023-04-11 23:08:46,697 INFO [restartedMain] o.a.c.c.StandardService [DirectJDKLog.java:173] Starting service [Tomcat]
2023-04-11 23:08:46,697 INFO [restartedMain] o.a.c.c.StandardEngine [DirectJDKLog.java:173] Starting Servlet engine: [Apache Tomcat/9.0.73]
2023-04-11 23:08:46,751 INFO [restartedMain] o.a.c.c.C.[.[.[/community] [DirectJDKLog.java:173] Initializing Spring embedded WebApplicationContext
2023-04-11 23:08:46,751 INFO [restartedMain] o.s.b.w.s.c.ServletWebServerApplicationContext [ServletWebServerApplicationContext.java:292] Root WebApplicationContext: initialization completed in 696 ms
2023-04-11 23:08:46,820 INFO [restartedMain] c.a.d.s.b.a.DruidDataSourceAutoConfigure [DruidDataSourceAutoConfigure.java:56] Init DruidDataSource
2023-04-11 23:08:46,974 INFO [restartedMain] c.a.d.p.DruidDataSource [DruidDataSource.java:1003] {dataSource-1} inited
2023-04-11 23:08:47,204 INFO [restartedMain] o.s.b.a.w.s.WelcomePageHandlerMapping [WelcomePageHandlerMapping.java:57] Adding welcome page template: index
2023-04-11 23:08:47,294 INFO [restartedMain] o.s.b.d.a.OptionalLiveReloadServer [OptionalLiveReloadServer.java:59] LiveReload server is running on port 35729
2023-04-11 23:08:47,304 INFO [restartedMain] o.a.c.h.Http11NioProtocol [DirectJDKLog.java:173] Starting ProtocolHandler ["http-nio-8081"]
2023-04-11 23:08:47,312 INFO [restartedMain] o.s.b.w.e.t.TomcatWebServer [TomcatWebServer.java:220] Tomcat started on port(s): 8081 (http) with context path '/community'
2023-04-11 23:08:47,323 INFO [restartedMain] c.c.c.CommunityApplication [StartupInfoLogger.java:61] Started CommunityApplication in 1.526 seconds (JVM running for 2.309)
2023-04-11 23:08:53,882 INFO [http-nio-8081-exec-1] o.a.c.c.C.[.[.[/community] [DirectJDKLog.java:173] Initializing Spring DispatcherServlet 'dispatcherServlet'
2023-04-11 23:08:53,882 INFO [http-nio-8081-exec-1] o.s.w.s.DispatcherServlet [FrameworkServlet.java:525] Initializing Servlet 'dispatcherServlet'
2023-04-11 23:08:53,883 INFO [http-nio-8081-exec-1] o.s.w.s.DispatcherServlet [FrameworkServlet.java:547] Completed initialization in 1 ms
2023-04-11 23:12:03,615 INFO [SpringApplicationShutdownHook] c.a.d.p.DruidDataSource [DruidDataSource.java:1965] {dataSource-1} closing ...
2023-04-11 23:12:03,619 INFO [SpringApplicationShutdownHook] c.a.d.p.DruidDataSource [DruidDataSource.java:2037] {dataSource-1} closed
2023-04-11 23:12:06,762 INFO [restartedMain] c.c.c.CommunityApplication [StartupInfoLogger.java:55] Starting CommunityApplication using Java 1.8.0_351 on yeye with PID 13192 (D:\community\target\classes started by 11496 in D:\community)
2023-04-11 23:12:06,764 INFO [restartedMain] c.c.c.CommunityApplication [SpringApplication.java:631] No active profile set, falling back to 1 default profile: "default"
2023-04-11 23:12:06,791 INFO [restartedMain] o.s.b.d.e.DevToolsPropertyDefaultsPostProcessor [DeferredLog.java:255] Devtools property defaults active! Set 'spring.devtools.add-properties' to 'false' to disable
2023-04-11 23:12:06,792 INFO [restartedMain] o.s.b.d.e.DevToolsPropertyDefaultsPostProcessor [DeferredLog.java:255] For additional web related logging consider setting the 'logging.level.web' property to 'DEBUG'
2023-04-11 23:12:07,425 INFO [restartedMain] o.s.b.w.e.t.TomcatWebServer [TomcatWebServer.java:108] Tomcat initialized with port(s): 8081 (http)
2023-04-11 23:12:07,425 INFO [restartedMain] o.a.c.c.AprLifecycleListener [DirectJDKLog.java:173] Loaded Apache Tomcat Native library [1.2.36] using APR version [1.7.2].
2023-04-11 23:12:07,425 INFO [restartedMain] o.a.c.c.AprLifecycleListener [DirectJDKLog.java:173] APR capabilities: IPv6 [true], sendfile [true], accept filters [false], random [true], UDS [true].
2023-04-11 23:12:07,425 INFO [restartedMain] o.a.c.c.AprLifecycleListener [DirectJDKLog.java:173] APR/OpenSSL configuration: useAprConnector [false], useOpenSSL [true]
2023-04-11 23:12:07,427 INFO [restartedMain] o.a.c.c.AprLifecycleListener [DirectJDKLog.java:173] OpenSSL successfully initialized [OpenSSL 1.1.1t  7 Feb 2023]
2023-04-11 23:12:07,432 INFO [restartedMain] o.a.c.h.Http11NioProtocol [DirectJDKLog.java:173] Initializing ProtocolHandler ["http-nio-8081"]
2023-04-11 23:12:07,432 INFO [restartedMain] o.a.c.c.StandardService [DirectJDKLog.java:173] Starting service [Tomcat]
2023-04-11 23:12:07,432 INFO [restartedMain] o.a.c.c.StandardEngine [DirectJDKLog.java:173] Starting Servlet engine: [Apache Tomcat/9.0.73]
2023-04-11 23:12:07,485 INFO [restartedMain] o.a.c.c.C.[.[.[/community] [DirectJDKLog.java:173] Initializing Spring embedded WebApplicationContext
2023-04-11 23:12:07,486 INFO [restartedMain] o.s.b.w.s.c.ServletWebServerApplicationContext [ServletWebServerApplicationContext.java:292] Root WebApplicationContext: initialization completed in 694 ms
2023-04-11 23:12:07,556 INFO [restartedMain] c.a.d.s.b.a.DruidDataSourceAutoConfigure [DruidDataSourceAutoConfigure.java:56] Init DruidDataSource
2023-04-11 23:12:07,707 INFO [restartedMain] c.a.d.p.DruidDataSource [DruidDataSource.java:1003] {dataSource-1} inited
2023-04-11 23:12:07,951 INFO [restartedMain] o.s.b.a.w.s.WelcomePageHandlerMapping [WelcomePageHandlerMapping.java:57] Adding welcome page template: index
2023-04-11 23:12:08,040 INFO [restartedMain] o.s.b.d.a.OptionalLiveReloadServer [OptionalLiveReloadServer.java:59] LiveReload server is running on port 35729
2023-04-11 23:12:08,051 INFO [restartedMain] o.a.c.h.Http11NioProtocol [DirectJDKLog.java:173] Starting ProtocolHandler ["http-nio-8081"]
2023-04-11 23:12:08,059 INFO [restartedMain] o.s.b.w.e.t.TomcatWebServer [TomcatWebServer.java:220] Tomcat started on port(s): 8081 (http) with context path '/community'
2023-04-11 23:12:08,065 INFO [restartedMain] c.c.c.CommunityApplication [StartupInfoLogger.java:61] Started CommunityApplication in 1.504 seconds (JVM running for 2.292)
2023-04-11 23:12:14,296 INFO [http-nio-8081-exec-1] o.a.c.c.C.[.[.[/community] [DirectJDKLog.java:173] Initializing Spring DispatcherServlet 'dispatcherServlet'
2023-04-11 23:12:14,296 INFO [http-nio-8081-exec-1] o.s.w.s.DispatcherServlet [FrameworkServlet.java:525] Initializing Servlet 'dispatcherServlet'
2023-04-11 23:12:14,298 INFO [http-nio-8081-exec-1] o.s.w.s.DispatcherServlet [FrameworkServlet.java:547] Completed initialization in 1 ms
2023-04-11 23:12:37,214 INFO [SpringApplicationShutdownHook] c.a.d.p.DruidDataSource [DruidDataSource.java:1965] {dataSource-1} closing ...
2023-04-11 23:12:37,222 INFO [SpringApplicationShutdownHook] c.a.d.p.DruidDataSource [DruidDataSource.java:2037] {dataSource-1} closed
