2023-04-14 22:12:39,038 INFO [restartedMain] c.c.c.CommunityApplication [StartupInfoLogger.java:55] Starting CommunityApplication using Java 1.8.0_351 on yeye with PID 11520 (D:\community\target\classes started by 11496 in D:\community)
2023-04-14 22:12:39,048 INFO [restartedMain] c.c.c.CommunityApplication [SpringApplication.java:631] No active profile set, falling back to 1 default profile: "default"
2023-04-14 22:12:39,095 INFO [restartedMain] o.s.b.d.e.DevToolsPropertyDefaultsPostProcessor [DeferredLog.java:255] Devtools property defaults active! Set 'spring.devtools.add-properties' to 'false' to disable
2023-04-14 22:12:39,095 INFO [restartedMain] o.s.b.d.e.DevToolsPropertyDefaultsPostProcessor [DeferredLog.java:255] For additional web related logging consider setting the 'logging.level.web' property to 'DEBUG'
2023-04-14 22:12:40,221 INFO [restartedMain] o.s.b.w.e.t.TomcatWebServer [TomcatWebServer.java:108] Tomcat initialized with port(s): 8081 (http)
2023-04-14 22:12:40,221 INFO [restartedMain] o.a.c.c.AprLifecycleListener [DirectJDKLog.java:173] Loaded Apache Tomcat Native library [1.2.36] using APR version [1.7.2].
2023-04-14 22:12:40,221 INFO [restartedMain] o.a.c.c.AprLifecycleListener [DirectJDKLog.java:173] APR capabilities: IPv6 [true], sendfile [true], accept filters [false], random [true], UDS [true].
2023-04-14 22:12:40,221 INFO [restartedMain] o.a.c.c.AprLifecycleListener [DirectJDKLog.java:173] APR/OpenSSL configuration: useAprConnector [false], useOpenSSL [true]
2023-04-14 22:12:40,230 INFO [restartedMain] o.a.c.c.AprLifecycleListener [DirectJDKLog.java:173] OpenSSL successfully initialized [OpenSSL 1.1.1t  7 Feb 2023]
2023-04-14 22:12:40,237 INFO [restartedMain] o.a.c.h.Http11NioProtocol [DirectJDKLog.java:173] Initializing ProtocolHandler ["http-nio-8081"]
2023-04-14 22:12:40,237 INFO [restartedMain] o.a.c.c.StandardService [DirectJDKLog.java:173] Starting service [Tomcat]
2023-04-14 22:12:40,237 INFO [restartedMain] o.a.c.c.StandardEngine [DirectJDKLog.java:173] Starting Servlet engine: [Apache Tomcat/9.0.73]
2023-04-14 22:12:40,310 INFO [restartedMain] o.a.c.c.C.[.[.[/community] [DirectJDKLog.java:173] Initializing Spring embedded WebApplicationContext
2023-04-14 22:12:40,310 INFO [restartedMain] o.s.b.w.s.c.ServletWebServerApplicationContext [ServletWebServerApplicationContext.java:292] Root WebApplicationContext: initialization completed in 1215 ms
2023-04-14 22:12:40,415 INFO [restartedMain] c.a.d.s.b.a.DruidDataSourceAutoConfigure [DruidDataSourceAutoConfigure.java:56] Init DruidDataSource
2023-04-14 22:12:40,971 INFO [restartedMain] c.a.d.p.DruidDataSource [DruidDataSource.java:1003] {dataSource-1} inited
2023-04-14 22:12:41,304 INFO [restartedMain] o.s.b.a.w.s.WelcomePageHandlerMapping [WelcomePageHandlerMapping.java:57] Adding welcome page template: index
2023-04-14 22:12:41,417 INFO [restartedMain] o.s.b.d.a.OptionalLiveReloadServer [OptionalLiveReloadServer.java:59] LiveReload server is running on port 35729
2023-04-14 22:12:41,428 INFO [restartedMain] o.a.c.h.Http11NioProtocol [DirectJDKLog.java:173] Starting ProtocolHandler ["http-nio-8081"]
2023-04-14 22:12:41,434 INFO [restartedMain] o.s.b.w.e.t.TomcatWebServer [TomcatWebServer.java:220] Tomcat started on port(s): 8081 (http) with context path '/community'
2023-04-14 22:12:41,442 INFO [restartedMain] c.c.c.CommunityApplication [StartupInfoLogger.java:61] Started CommunityApplication in 2.756 seconds (JVM running for 3.915)
2023-04-14 22:12:42,143 INFO [http-nio-8081-exec-1] o.a.c.c.C.[.[.[/community] [DirectJDKLog.java:173] Initializing Spring DispatcherServlet 'dispatcherServlet'
2023-04-14 22:12:42,143 INFO [http-nio-8081-exec-1] o.s.w.s.DispatcherServlet [FrameworkServlet.java:525] Initializing Servlet 'dispatcherServlet'
2023-04-14 22:12:42,146 INFO [http-nio-8081-exec-1] o.s.w.s.DispatcherServlet [FrameworkServlet.java:547] Completed initialization in 3 ms
2023-04-14 22:47:25,554 INFO [SpringApplicationShutdownHook] c.a.d.p.DruidDataSource [DruidDataSource.java:1965] {dataSource-1} closing ...
2023-04-14 22:47:25,556 INFO [SpringApplicationShutdownHook] c.a.d.p.DruidDataSource [DruidDataSource.java:2037] {dataSource-1} closed
